INFO     logger:wrapper.py:20 args:('xpath', '//*[@resource-id="com.tencent.wework:id/e0y" and @text="通讯录"]') kwargs:{}

INFO     logger:wrapper.py:20 args:('xpath', '//*[@class="android.widget.TextView" and @text="添加成员"]') kwargs:{}
INFO     logger:wrapper.py:20 args:('xpath', '//*[@class="android.widget.TextView" and @text="手动输入添加"]') kwargs:{}

INFO     logger:wrapper.py:20 args:('xpath', '//*[@resource-id="com.tencent.wework:id/b09"]') kwargs:{}

INFO     logger:wrapper.py:20 args:('xpath', '//*[@resource-id="com.tencent.wework:id/f7y"]') kwargs:{}

INFO     logger:wrapper.py:20 args:('xpath', '//*[@resource-id="com.tencent.wework:id/ad2"]') kwargs:{}

INFO     logger:wrapper.py:20 args:('xpath', '//*[@resource-id="com.tencent.wework:id/bg4"]') kwargs:{}

ERROR    logger:wrapper.py:26 not find element:
NoSuchElementException('An element could not be located on the page using the given search parameters.', None, None)
Traceback (most recent call last):
  File "E:\document\code\pythonCode\appium_ui_testFramework\common\wrapper.py", line 21, in wrapper
    element = func(*args, **kwargs)
  File "E:\document\code\pythonCode\appium_ui_testFramework\page\base_page.py", line 29, in find
    element = self._driver.find_element(locator, value)
  File "C:\pyenv\webUI_test\lib\site-packages\appium\webdriver\webdriver.py", line 283, in find_element
    return self.execute(RemoteCommand.FIND_ELEMENT, {'using': by, 'value': value})['value']
  File "C:\pyenv\webUI_test\lib\site-packages\selenium\webdriver\remote\webdriver.py", line 321, in execute
    self.error_handler.check_response(response)
  File "C:\pyenv\webUI_test\lib\site-packages\appium\webdriver\errorhandler.py", line 31, in check_response
    raise wde
  File "C:\pyenv\webUI_test\lib\site-packages\appium\webdriver\errorhandler.py", line 26, in check_response
    super().check_response(response)
  File "C:\pyenv\webUI_test\lib\site-packages\selenium\webdriver\remote\errorhandler.py", line 242, in check_response
    raise exception_class(message, screen, stacktrace)
selenium.common.exceptions.NoSuchElementException: Message: An element could not be located on the page using the given search parameters.